Arguments: 
  C:\Program Files\nodejs\node.exe C:\Users\한수산\AppData\Roaming\npm\node_modules\yarn\bin\yarn.js add sass -D

PATH: 
  C:\Users\한수산\Desktop\폴더\공부\movie api practice\movieApiPractice\node_modules\.bin;C:\Users\한수산\Desktop\폴더\공부\movie api practice\node_modules\.bin;C:\Users\한수산\Desktop\폴더\공부\node_modules\.bin;C:\Users\한수산\Desktop\폴더\node_modules\.bin;C:\Users\한수산\Desktop\node_modules\.bin;C:\Users\한수산\node_modules\.bin;C:\Users\node_modules\.bin;C:\node_modules\.bin;C:\Users\한수산\AppData\Roaming\nvm\v17.4.0\node_modules\npm\node_modules\@npmcli\run-script\lib\node-gyp-bin;C:\Users\한수산\bin;C:\Program Files\Git\mingw64\bin;C:\Program Files\Git\usr\local\bin;C:\Program Files\Git\usr\bin;C:\Program Files\Git\usr\bin;C:\Program Files\Git\mingw64\bin;C:\Program Files\Git\usr\bin;C:\Users\한수산\bin;C:\Program Files (x86)\Razer Chroma SDK\bin;C:\Program Files\Razer Chroma SDK\bin;C:\Program Files (x86)\Razer\ChromaBroadcast\bin;C:\Program Files\Razer\ChromaBroadcast\bin;C:\Program Files (x86)\Common Files\Intel\Shared Libraries\redist\intel64\compilerC;C:\Program Files\Git\Windows\System3;.;C:\Windows\system3;.;C:\Windows\System32\Wbem;C:\Windows\System32\WindowsPowerShell\v1.0;C:\Windows\System32\OpenSSH;C:\Program Files (x86)\NVIDIA Corporation\PhysX\Commo;C:\Windows\System32;.;C:\Program Files\NVIDIA Corporation\NVIDIA NvDLIS;C:\Windows\System32;.;C:\Windows\system32;C:\Program Files\NVIDIA Corporation\NVIDIA NvDLISR;C:\Program Files\PuTTY;C:\Windows\system32\config\systemprofile\AppData\Local\Microsoft\WindowsApps;C:\Program Files (x86)\NVIDIA Corporation\PhysX\Common;C:\Users\한수산\AppData\Roaming\nvm;C:\Program Files\nodejs;C:\Program Files\Git\cmd;C:\Windows\System3;.;C:\Users\한수산\AppData\Local\Microsoft\WindowsApp;C:\Windows\System32;.;C:\Program Files\Bandizip;C:\Users\한수산\AppData\Roaming\npm;C:\Users\한수산\AppData\Local\Programs\Microsoft VS Code\bin;C:\Users\한수산\AppData\Roaming\nvm;C:\Program Files\nodejs;C:\Users\한수산\AppData\Local\afreeca;C:\Program Files\Git\usr\bin\vendor_perl;C:\Program Files\Git\usr\bin\core_perl

Yarn version: 
  1.22.17

Node version: 
  17.4.0

Platform: 
  win32 x64

Trace: 
  Error: EPERM: operation not permitted, unlink 'C:\Users\한수산\Desktop\폴더\공부\movie api practice\movieApiPractice\node_modules\deasync\bin\win32-x64-node-17\deasync.node'

npm manifest: 
  {
    "name": "movieapipractice",
    "version": "1.0.0",
    "description": "",
    "main": "index.js",
    "scripts": {
      "dev":"parcel index.html",
      "build":"parcel build index.html"
    },
    "repository": {
      "type": "git",
      "url": "git+https://github.com/0nesan/movieApiPractice.git"
    },
    "keywords": [],
    "author": "",
    "license": "ISC",
    "bugs": {
      "url": "https://github.com/0nesan/movieApiPractice/issues"
    },
    "homepage": "https://github.com/0nesan/movieApiPractice#readme",
    "devDependencies": {
      "parcel-bundler": "^1.12.5"
    }
  }

yarn manifest: 
  No manifest

Lockfile: 
  No lockfile
